[main] INFO  com.amazon.qa.baseClass.BaseClass  - https://www.amazon.in/
[main] INFO  com.amazon.qa.baseClass.BaseClass  - https://www.amazon.in/
[main] INFO  com.amazon.qa.baseClass.BaseClass  - https://www.amazon.in/
[main] INFO  com.amazon.qa.baseClass.BaseClass  - https://www.amazon.in/
[main] INFO  com.amazon.qa.testCases.TC_LoginTest_001  - Passed
[main] INFO  com.amazon.qa.baseClass.BaseClass  - https://www.amazon.in/
[main] INFO  com.amazon.qa.testCases.TC_LoginTest_001  - Passed
[main] INFO  com.amazon.qa.baseClass.BaseClass  - Before Method
[main] INFO  com.amazon.qa.testCases.TC_LoginTest_001  - Passed
[main] INFO  com.amazon.qa.baseClass.BaseClass  - After Method
[main] INFO  com.amazon.qa.baseClass.BaseClass  - Before Method
[main] INFO  com.amazon.qa.testCases.TC_LoginTest_001  - Passed
[main] INFO  com.amazon.qa.baseClass.BaseClass  - After Method
[main] INFO  com.amazon.qa.baseClass.BaseClass  - Before Method
[main] INFO  com.amazon.qa.testCases.TC_LoginTest_001  - Passed
[main] INFO  com.amazon.qa.testCases.TC_LoginTest_001  - Passed
[main] INFO  com.amazon.qa.baseClass.BaseClass  - After Method
[main] INFO  com.amazon.qa.baseClass.BaseClass  - Before Class
[main] INFO  com.amazon.qa.testCases.TC_LoginTest_001  - Passed
[main] INFO  com.amazon.qa.baseClass.BaseClass  - After Method
[main] INFO  com.amazon.qa.baseClass.BaseClass  - After Method
[main] INFO  com.amazon.qa.baseClass.BaseClass  - After Class
[main] INFO  com.amazon.qa.baseClass.BaseClass  - Before Class
[main] INFO  com.amazon.qa.testCases.TC_LoginTest_001  - Passed
[main] INFO  com.amazon.qa.baseClass.BaseClass  - After Method
[main] INFO  com.amazon.qa.baseClass.BaseClass  - Before Class
[main] INFO  com.amazon.qa.testCases.TC_LoginTest_001  - Passed
[main] INFO  com.amazon.qa.baseClass.BaseClass  - After Method
[main] INFO  com.amazon.qa.baseClass.BaseClass  - Before Class
[main] INFO  com.amazon.qa.testCases.TC_LoginTest_001  - Passed
[main] INFO  com.amazon.qa.baseClass.BaseClass  - After Class
[main] INFO  com.amazon.qa.baseClass.BaseClass  - Before Class
[main] INFO  com.amazon.qa.baseClass.BaseClass  - After Class
[main] INFO  com.amazon.qa.baseClass.BaseClass  - Before Class
[main] INFO  com.amazon.qa.testCases.TC_LoginTest_001  - Passed
[main] INFO  com.amazon.qa.testCases.TC_LoginTest_001  - After Class
[main] INFO  com.amazon.qa.baseClass.BaseClass  - Before Class
[main] INFO  com.amazon.qa.testCases.TC_LoginTest_001  - After Class
[main] INFO  com.amazon.qa.baseClass.BaseClass  - Before Class
[main] INFO  com.amazon.qa.testCases.TC_LoginTest_001  - Passed
[main] INFO  com.amazon.qa.testCases.TC_LoginTest_001  - After Class
[main] INFO  com.amazon.qa.baseClass.BaseClass  - Before Class
[main] INFO  com.amazon.qa.testCases.TC_LoginTest_001  - Passed
[main] INFO  com.amazon.qa.testCases.TC_LoginTest_001  - After Class
[main] INFO  com.amazon.qa.baseClass.BaseClass  - Before Class
[main] INFO  com.amazon.qa.testCases.TC_LoginTest_001  - Passed
[main] INFO  com.amazon.qa.testCases.TC_LoginTest_001  - After Class
[main] INFO  com.amazon.qa.baseClass.BaseClass  - Before Class
[main] INFO  com.amazon.qa.testCases.TC_LoginTest_001  - Passed
[main] INFO  com.amazon.qa.testCases.TC_LoginTest_001  - After Class
[main] INFO  com.amazon.qa.baseClass.BaseClass  - Before Class
[main] INFO  com.amazon.qa.testCases.TC_LoginTest_001  - Passed
[main] INFO  com.amazon.qa.testCases.TC_LoginTest_001  - After Class
[main] INFO  com.amazon.qa.baseClass.BaseClass  - Before Class
[main] INFO  com.amazon.qa.testCases.TC_LoginTest_001  - After Class
[main] INFO  com.amazon.qa.baseClass.BaseClass  - Before Class
[main] INFO  com.amazon.qa.testCases.TC_LoginTest_001  - Passed
[main] INFO  com.amazon.qa.testCases.TC_LoginTest_001  - After Class
[main] INFO  com.amazon.qa.baseClass.BaseClass  - Before Class
[main] INFO  com.amazon.qa.testCases.TC_LoginTest_001  - Passed
